<?xml version="1.0" encoding="UTF-8"?>
<testsuite xmlns:xsi="http://www.w3.org/2001/XMLSchema-instance" xsi:noNamespaceSchemaLocation="https://maven.apache.org/surefire/maven-surefire-plugin/xsd/surefire-test-report-3.0.xsd" version="3.0" name="br.com.fiap.MyResourceTest" time="1.214" tests="1" errors="1" skipped="0" failures="0">
  <properties>
    <property name="java.specification.version" value="17"/>
    <property name="sun.cpu.isalist" value="amd64"/>
    <property name="sun.jnu.encoding" value="Cp1252"/>
    <property name="java.class.path" value="C:\Users\55119\Desktop\Entrega\entrega\target\test-classes;C:\Users\55119\Desktop\Entrega\entrega\target\classes;C:\Users\55119\.m2\repository\jakarta\ws\rs\jakarta.ws.rs-api\3.0.0\jakarta.ws.rs-api-3.0.0.jar;C:\Users\55119\.m2\repository\org\glassfish\jersey\core\jersey-server\3.0.0\jersey-server-3.0.0.jar;C:\Users\55119\.m2\repository\org\glassfish\jersey\core\jersey-common\3.0.0\jersey-common-3.0.0.jar;C:\Users\55119\.m2\repository\com\sun\activation\jakarta.activation\2.0.0\jakarta.activation-2.0.0.jar;C:\Users\55119\.m2\repository\org\glassfish\hk2\osgi-resource-locator\1.0.3\osgi-resource-locator-1.0.3.jar;C:\Users\55119\.m2\repository\org\glassfish\jersey\core\jersey-client\3.0.0\jersey-client-3.0.0.jar;C:\Users\55119\.m2\repository\org\glassfish\jersey\media\jersey-media-jaxb\3.0.0\jersey-media-jaxb-3.0.0.jar;C:\Users\55119\.m2\repository\jakarta\annotation\jakarta.annotation-api\2.0.0\jakarta.annotation-api-2.0.0.jar;C:\Users\55119\.m2\repository\jakarta\inject\jakarta.inject-api\2.0.0\jakarta.inject-api-2.0.0.jar;C:\Users\55119\.m2\repository\jakarta\validation\jakarta.validation-api\3.0.0\jakarta.validation-api-3.0.0.jar;C:\Users\55119\.m2\repository\jakarta\xml\bind\jakarta.xml.bind-api\3.0.0\jakarta.xml.bind-api-3.0.0.jar;C:\Users\55119\.m2\repository\org\glassfish\jersey\containers\jersey-container-grizzly2-http\3.0.0\jersey-container-grizzly2-http-3.0.0.jar;C:\Users\55119\.m2\repository\org\glassfish\grizzly\grizzly-http-server\3.0.0-M1\grizzly-http-server-3.0.0-M1.jar;C:\Users\55119\.m2\repository\org\glassfish\grizzly\grizzly-http\3.0.0-M1\grizzly-http-3.0.0-M1.jar;C:\Users\55119\.m2\repository\org\glassfish\grizzly\grizzly-framework\3.0.0-M1\grizzly-framework-3.0.0-M1.jar;C:\Users\55119\.m2\repository\org\glassfish\jersey\inject\jersey-hk2\3.0.0\jersey-hk2-3.0.0.jar;C:\Users\55119\.m2\repository\org\glassfish\hk2\hk2-locator\3.0.0-RC1\hk2-locator-3.0.0-RC1.jar;C:\Users\55119\.m2\repository\org\glassfish\hk2\external\aopalliance-repackaged\3.0.0-RC1\aopalliance-repackaged-3.0.0-RC1.jar;C:\Users\55119\.m2\repository\org\glassfish\hk2\hk2-api\3.0.0-RC1\hk2-api-3.0.0-RC1.jar;C:\Users\55119\.m2\repository\org\glassfish\hk2\hk2-utils\3.0.0-RC1\hk2-utils-3.0.0-RC1.jar;C:\Users\55119\.m2\repository\org\javassist\javassist\3.25.0-GA\javassist-3.25.0-GA.jar;C:\Users\55119\.m2\repository\org\glassfish\jersey\media\jersey-media-json-binding\3.0.0\jersey-media-json-binding-3.0.0.jar;C:\Users\55119\.m2\repository\jakarta\json\jakarta.json-api\2.0.0\jakarta.json-api-2.0.0.jar;C:\Users\55119\.m2\repository\jakarta\json\bind\jakarta.json.bind-api\2.0.0\jakarta.json.bind-api-2.0.0.jar;C:\Users\55119\.m2\repository\org\glassfish\jakarta.json\2.0.0\jakarta.json-2.0.0-module.jar;C:\Users\55119\.m2\repository\org\eclipse\yasson\2.0.1\yasson-2.0.1.jar;C:\Users\55119\.m2\repository\com\oracle\database\jdbc\ojdbc8\21.1.0.0\ojdbc8-21.1.0.0.jar;C:\Users\55119\.m2\repository\org\junit\jupiter\junit-jupiter\5.10.1\junit-jupiter-5.10.1.jar;C:\Users\55119\.m2\repository\org\junit\jupiter\junit-jupiter-api\5.10.1\junit-jupiter-api-5.10.1.jar;C:\Users\55119\.m2\repository\org\opentest4j\opentest4j\1.3.0\opentest4j-1.3.0.jar;C:\Users\55119\.m2\repository\org\junit\platform\junit-platform-commons\1.10.1\junit-platform-commons-1.10.1.jar;C:\Users\55119\.m2\repository\org\apiguardian\apiguardian-api\1.1.2\apiguardian-api-1.1.2.jar;C:\Users\55119\.m2\repository\org\junit\jupiter\junit-jupiter-params\5.10.1\junit-jupiter-params-5.10.1.jar;C:\Users\55119\.m2\repository\org\junit\jupiter\junit-jupiter-engine\5.10.1\junit-jupiter-engine-5.10.1.jar;C:\Users\55119\.m2\repository\org\junit\platform\junit-platform-engine\1.10.1\junit-platform-engine-1.10.1.jar;"/>
    <property name="java.vm.vendor" value="Microsoft"/>
    <property name="sun.arch.data.model" value="64"/>
    <property name="user.variant" value=""/>
    <property name="java.vendor.url" value="https://www.microsoft.com"/>
    <property name="user.timezone" value="America/Sao_Paulo"/>
    <property name="os.name" value="Windows 11"/>
    <property name="java.vm.specification.version" value="17"/>
    <property name="sun.java.launcher" value="SUN_STANDARD"/>
    <property name="user.country" value="BR"/>
    <property name="sun.boot.library.path" value="C:\Program Files\Microsoft\jdk-17.0.10.7-hotspot\bin"/>
    <property name="sun.java.command" value="C:\Users\55119\AppData\Local\Temp\surefire14132843185628836050\surefirebooter-20241126223722799_3.jar C:\Users\55119\AppData\Local\Temp\surefire14132843185628836050 2024-11-26T22-37-22_394-jvmRun1 surefire-20241126223722799_1tmp surefire_0-20241126223722799_2tmp"/>
    <property name="jdk.debug" value="release"/>
    <property name="surefire.test.class.path" value="C:\Users\55119\Desktop\Entrega\entrega\target\test-classes;C:\Users\55119\Desktop\Entrega\entrega\target\classes;C:\Users\55119\.m2\repository\jakarta\ws\rs\jakarta.ws.rs-api\3.0.0\jakarta.ws.rs-api-3.0.0.jar;C:\Users\55119\.m2\repository\org\glassfish\jersey\core\jersey-server\3.0.0\jersey-server-3.0.0.jar;C:\Users\55119\.m2\repository\org\glassfish\jersey\core\jersey-common\3.0.0\jersey-common-3.0.0.jar;C:\Users\55119\.m2\repository\com\sun\activation\jakarta.activation\2.0.0\jakarta.activation-2.0.0.jar;C:\Users\55119\.m2\repository\org\glassfish\hk2\osgi-resource-locator\1.0.3\osgi-resource-locator-1.0.3.jar;C:\Users\55119\.m2\repository\org\glassfish\jersey\core\jersey-client\3.0.0\jersey-client-3.0.0.jar;C:\Users\55119\.m2\repository\org\glassfish\jersey\media\jersey-media-jaxb\3.0.0\jersey-media-jaxb-3.0.0.jar;C:\Users\55119\.m2\repository\jakarta\annotation\jakarta.annotation-api\2.0.0\jakarta.annotation-api-2.0.0.jar;C:\Users\55119\.m2\repository\jakarta\inject\jakarta.inject-api\2.0.0\jakarta.inject-api-2.0.0.jar;C:\Users\55119\.m2\repository\jakarta\validation\jakarta.validation-api\3.0.0\jakarta.validation-api-3.0.0.jar;C:\Users\55119\.m2\repository\jakarta\xml\bind\jakarta.xml.bind-api\3.0.0\jakarta.xml.bind-api-3.0.0.jar;C:\Users\55119\.m2\repository\org\glassfish\jersey\containers\jersey-container-grizzly2-http\3.0.0\jersey-container-grizzly2-http-3.0.0.jar;C:\Users\55119\.m2\repository\org\glassfish\grizzly\grizzly-http-server\3.0.0-M1\grizzly-http-server-3.0.0-M1.jar;C:\Users\55119\.m2\repository\org\glassfish\grizzly\grizzly-http\3.0.0-M1\grizzly-http-3.0.0-M1.jar;C:\Users\55119\.m2\repository\org\glassfish\grizzly\grizzly-framework\3.0.0-M1\grizzly-framework-3.0.0-M1.jar;C:\Users\55119\.m2\repository\org\glassfish\jersey\inject\jersey-hk2\3.0.0\jersey-hk2-3.0.0.jar;C:\Users\55119\.m2\repository\org\glassfish\hk2\hk2-locator\3.0.0-RC1\hk2-locator-3.0.0-RC1.jar;C:\Users\55119\.m2\repository\org\glassfish\hk2\external\aopalliance-repackaged\3.0.0-RC1\aopalliance-repackaged-3.0.0-RC1.jar;C:\Users\55119\.m2\repository\org\glassfish\hk2\hk2-api\3.0.0-RC1\hk2-api-3.0.0-RC1.jar;C:\Users\55119\.m2\repository\org\glassfish\hk2\hk2-utils\3.0.0-RC1\hk2-utils-3.0.0-RC1.jar;C:\Users\55119\.m2\repository\org\javassist\javassist\3.25.0-GA\javassist-3.25.0-GA.jar;C:\Users\55119\.m2\repository\org\glassfish\jersey\media\jersey-media-json-binding\3.0.0\jersey-media-json-binding-3.0.0.jar;C:\Users\55119\.m2\repository\jakarta\json\jakarta.json-api\2.0.0\jakarta.json-api-2.0.0.jar;C:\Users\55119\.m2\repository\jakarta\json\bind\jakarta.json.bind-api\2.0.0\jakarta.json.bind-api-2.0.0.jar;C:\Users\55119\.m2\repository\org\glassfish\jakarta.json\2.0.0\jakarta.json-2.0.0-module.jar;C:\Users\55119\.m2\repository\org\eclipse\yasson\2.0.1\yasson-2.0.1.jar;C:\Users\55119\.m2\repository\com\oracle\database\jdbc\ojdbc8\21.1.0.0\ojdbc8-21.1.0.0.jar;C:\Users\55119\.m2\repository\org\junit\jupiter\junit-jupiter\5.10.1\junit-jupiter-5.10.1.jar;C:\Users\55119\.m2\repository\org\junit\jupiter\junit-jupiter-api\5.10.1\junit-jupiter-api-5.10.1.jar;C:\Users\55119\.m2\repository\org\opentest4j\opentest4j\1.3.0\opentest4j-1.3.0.jar;C:\Users\55119\.m2\repository\org\junit\platform\junit-platform-commons\1.10.1\junit-platform-commons-1.10.1.jar;C:\Users\55119\.m2\repository\org\apiguardian\apiguardian-api\1.1.2\apiguardian-api-1.1.2.jar;C:\Users\55119\.m2\repository\org\junit\jupiter\junit-jupiter-params\5.10.1\junit-jupiter-params-5.10.1.jar;C:\Users\55119\.m2\repository\org\junit\jupiter\junit-jupiter-engine\5.10.1\junit-jupiter-engine-5.10.1.jar;C:\Users\55119\.m2\repository\org\junit\platform\junit-platform-engine\1.10.1\junit-platform-engine-1.10.1.jar;"/>
    <property name="sun.cpu.endian" value="little"/>
    <property name="user.home" value="C:\Users\55119"/>
    <property name="user.language" value="pt"/>
    <property name="java.specification.vendor" value="Oracle Corporation"/>
    <property name="java.version.date" value="2024-01-16"/>
    <property name="java.home" value="C:\Program Files\Microsoft\jdk-17.0.10.7-hotspot"/>
    <property name="file.separator" value="\"/>
    <property name="basedir" value="C:\Users\55119\Desktop\Entrega\entrega"/>
    <property name="java.vm.compressedOopsMode" value="32-bit"/>
    <property name="line.separator" value="&#10;"/>
    <property name="java.vm.specification.vendor" value="Oracle Corporation"/>
    <property name="java.specification.name" value="Java Platform API Specification"/>
    <property name="surefire.real.class.path" value="C:\Users\55119\AppData\Local\Temp\surefire14132843185628836050\surefirebooter-20241126223722799_3.jar"/>
    <property name="user.script" value=""/>
    <property name="sun.management.compiler" value="HotSpot 64-Bit Tiered Compilers"/>
    <property name="java.runtime.version" value="17.0.10+7-LTS"/>
    <property name="user.name" value="Danielly Pfander"/>
    <property name="path.separator" value=";"/>
    <property name="os.version" value="10.0"/>
    <property name="java.runtime.name" value="OpenJDK Runtime Environment"/>
    <property name="file.encoding" value="Cp1252"/>
    <property name="java.vm.name" value="OpenJDK 64-Bit Server VM"/>
    <property name="java.vendor.version" value="Microsoft-8902769"/>
    <property name="localRepository" value="C:\Users\55119\.m2\repository"/>
    <property name="java.vendor.url.bug" value="https://github.com/microsoft/openjdk/issues"/>
    <property name="java.io.tmpdir" value="C:\Users\55119\AppData\Local\Temp\"/>
    <property name="java.version" value="17.0.10"/>
    <property name="user.dir" value="C:\Users\55119\Desktop\Entrega\entrega"/>
    <property name="os.arch" value="amd64"/>
    <property name="java.vm.specification.name" value="Java Virtual Machine Specification"/>
    <property name="sun.os.patch.level" value=""/>
    <property name="native.encoding" value="Cp1252"/>
    <property name="java.library.path" value="C:\Program Files\Microsoft\jdk-17.0.10.7-hotspot\bin;C:\Windows\Sun\Java\bin;C:\Windows\system32;C:\Windows;C:\Python312\Scripts\;C:\Python312\;C:\Program Files\Common Files\Oracle\Java\javapath;C:\Program Files (x86)\Microsoft SDKs\Azure\CLI2\wbin;C:\Program Files\Microsoft\jdk-17.0.10.7-hotspot\bin;C:\Program Files (x86)\Common Files\Oracle\Java\javapath;C:\Windows\system32;C:\Windows;C:\Windows\System32\Wbem;C:\Windows\System32\WindowsPowerShell\v1.0\;C:\Windows\System32\OpenSSH\;C:\ProgramData\chocolatey\bin;C:\Program Files\Microsoft SQL Server\150\Tools\Binn\;C:\Program Files\Microsoft SQL Server\Client SDK\ODBC\170\Tools\Binn\;C:\Program Files\Java\jre-1.8\bin;C:\Program Files\dotnet\;C:\Users\55119\AppData\Local\Programs\Python\Python313;C:\Program Files\MongoDB\Server\8.0\bin;C:\Program Files\nodejs\;C:\Program Files\Git\cmd;C:\Users\55119\Downloads\apache-maven-3.9.9\bin;C:\Users\55119\AppData\Local\Programs\Python\Python313\Scripts\;C:\Users\55119\AppData\Local\Programs\Python\Python313\;C:\Users\55119\AppData\Local\Programs\Python\Launcher\;C:\Users\55119\AppData\Local\Microsoft\WindowsApps;C:\Users\55119\AppData\Local\Programs\Microsoft VS Code\bin;C:\Users\55119\.dotnet\tools;C:\Program Files\Java\kotlinc\bin;C:\Users\55119\AppData\Roaming\Microsoft\Windows\Start Menu\Programs\Python 3.12;C:\Program Files\Oracle\oracle\instantclient_23_5;C:\Program Files\Java\jdk-11;C:\Program Files\MongoDB\Server\8.0\bin;C:\Users\55119\AppData\Roaming\npm;C:\Users\55119\Downloads\apache-maven-3.9.9\bin;;."/>
    <property name="java.vm.info" value="mixed mode, sharing"/>
    <property name="java.vendor" value="Microsoft"/>
    <property name="java.vm.version" value="17.0.10+7-LTS"/>
    <property name="sun.io.unicode.encoding" value="UnicodeLittle"/>
    <property name="java.class.version" value="61.0"/>
  </properties>
  <testcase name="testGetIt" classname="br.com.fiap.MyResourceTest" time="1.179">
    <error message="HTTP 404 Not Found" type="jakarta.ws.rs.NotFoundException"><![CDATA[jakarta.ws.rs.NotFoundException: HTTP 404 Not Found
	at org.glassfish.jersey.client.JerseyInvocation.convertToException(JerseyInvocation.java:902)
	at org.glassfish.jersey.client.JerseyInvocation.translate(JerseyInvocation.java:712)
	at org.glassfish.jersey.client.JerseyInvocation.lambda$invoke$1(JerseyInvocation.java:632)
	at org.glassfish.jersey.client.JerseyInvocation.call(JerseyInvocation.java:654)
	at org.glassfish.jersey.client.JerseyInvocation.lambda$runInScope$3(JerseyInvocation.java:648)
	at org.glassfish.jersey.internal.Errors.process(Errors.java:292)
	at org.glassfish.jersey.internal.Errors.process(Errors.java:274)
	at org.glassfish.jersey.internal.Errors.process(Errors.java:205)
	at org.glassfish.jersey.process.internal.RequestScope.runInScope(RequestScope.java:390)
	at org.glassfish.jersey.client.JerseyInvocation.runInScope(JerseyInvocation.java:648)
	at org.glassfish.jersey.client.JerseyInvocation.invoke(JerseyInvocation.java:631)
	at org.glassfish.jersey.client.JerseyInvocation$Builder.method(JerseyInvocation.java:406)
	at org.glassfish.jersey.client.JerseyInvocation$Builder.get(JerseyInvocation.java:302)
	at br.com.fiap.MyResourceTest.testGetIt(MyResourceTest.java:45)
	at java.base/java.lang.reflect.Method.invoke(Method.java:568)
	at java.base/java.util.ArrayList.forEach(ArrayList.java:1511)
	at java.base/java.util.ArrayList.forEach(ArrayList.java:1511)
]]></error>
    <system-err><![CDATA[nov. 26, 2024 10:37:24 PM org.glassfish.jersey.server.wadl.WadlFeature configure
ADVERTÊNCIA: JAXBContext implementation could not be found. WADL feature is disabled.
nov. 26, 2024 10:37:25 PM org.glassfish.grizzly.http.server.NetworkListener start
INFORMAÇÕES: Started listener bound to [localhost:8080]
nov. 26, 2024 10:37:25 PM org.glassfish.grizzly.http.server.HttpServer start
INFORMAÇÕES: [HttpServer] Started.
nov. 26, 2024 10:37:25 PM org.glassfish.grizzly.http.server.NetworkListener shutdownNow
INFORMAÇÕES: Stopped listener bound to [localhost:8080]
]]></system-err>
  </testcase>
</testsuite>